proguard-project.txt
# To enable ProGuard in your project, edit project.properties
# to define the proguard.config property as described in that file.
#
# Add project specific ProGuard rules here.
# By default, the flags in this file are appended to flags specified
# in ${sdk.dir}/tools/proguard/proguard-android.txt
# You can edit the include path and order by changing the ProGuard
# include property in project.properties.
#
# For more details, see
#   http://developer.android.com/guide/developing/tools/proguard.html

# Add any project specific keep options here:

# If your project uses WebView with JS, uncomment the following
# and specify the fully qualified class name to the JavaScript interface
# class:
#-keepclassmembers class fqcn.of.javascript.interface.for.webview {
#   public *;
#}

-ignorewarnings
# 这里根据具体的SDK版本修改
-libraryjars libs/bmob_v3.2.0.jar

-keepattributes Signature
-keep class cn.bmob.v3.** {*;}

# 保证继承自BmobObject、BmobUser类的JavaBean不被混淆
-keep class com.example.bmobexample.Person{*;}
-keep class com.example.bmobexample.MyUser{*;}
-keep class com.example.bmobexample.relationaldata.Weibo{*;}
-keep class com.example.bmobexample.relationaldata.Comment{*;}
-keep class cn.Arthur.Game.DangerousGame.RankList{*;}

-dontshrink
-dontoptimize
-dontwarn com.google.android.maps.**
-dontwarn android.webkit.WebView
-dontwarn com.umeng.**
-dontwarn com.tencent.weibo.sdk.**
-dontwarn com.sina.weibo.sdk.**

-keep class com.sina.weibo.sdk.** { *;}

-libraryjars libs/SocialSDK_QQZone_2.jar

-keep enum com.facebook.**
-keepattributes Exceptions,InnerClasses,Signature
-keepattributes *Annotation*
-keepattributes SourceFile,LineNumberTable

-keep public interface com.tencent.**
-keep public interface com.umeng.socialize.**
-keep public interface com.umeng.socialize.sensor.**
-keep public interface com.umeng.scrshot.**

-keep public class com.umeng.socialize.* {*;}
-keep public class javax.**
-keep public class android.webkit.**

-keep class com.umeng.scrshot.**
-keep public class com.tencent.** {*;}
-keep class com.umeng.socialize.sensor.**

-keep class com.tencent.mm.sdk.modelmsg.WXMediaMessage {*;}

-keep class com.tencent.mm.sdk.modelmsg.** implements com.tencent.mm.sdk.modelmsg.WXMediaMessage$IMediaObject {*;}

-keep class im.yixin.sdk.api.YXMessage {*;}
-keep class im.yixin.sdk.api.** implements im.yixin.sdk.api.YXMessage$YXMessageData{*;}

-keep public class [your_pkg].R$*{
    public static final int *;
}

-dontwarn net.youmi.android.**
-keep class net.youmi.android.** {
    *;
}