proguard/seeds.txt
cn.Arthur.Game.DangerousGame.MainActivity
cn.Arthur.Game.DangerousGame.MainActivity: MainActivity()
cn.Arthur.Game.DangerousGame.MainActivity: void onClick(android.view.View)
cn.Arthur.Game.DangerousGame.R$anim: int umeng_socialize_fade_in
cn.Arthur.Game.DangerousGame.R$anim: int umeng_socialize_fade_out
cn.Arthur.Game.DangerousGame.R$anim: int umeng_socialize_shareboard_animation_in
cn.Arthur.Game.DangerousGame.R$anim: int umeng_socialize_shareboard_animation_out
cn.Arthur.Game.DangerousGame.R$anim: int umeng_socialize_slide_in_from_bottom
cn.Arthur.Game.DangerousGame.R$anim: int umeng_socialize_slide_out_from_bottom
cn.Arthur.Game.DangerousGame.R$color: int umeng_socialize_color_group
cn.Arthur.Game.DangerousGame.R$color: int umeng_socialize_comments_bg
cn.Arthur.Game.DangerousGame.R$color: int umeng_socialize_divider
cn.Arthur.Game.DangerousGame.R$color: int umeng_socialize_edit_bg
cn.Arthur.Game.DangerousGame.R$color: int umeng_socialize_grid_divider_line
cn.Arthur.Game.DangerousGame.R$color: int umeng_socialize_list_item_bgcolor
cn.Arthur.Game.DangerousGame.R$color: int umeng_socialize_list_item_textcolor
cn.Arthur.Game.DangerousGame.R$color: int umeng_socialize_text_friends_list
cn.Arthur.Game.DangerousGame.R$color: int umeng_socialize_text_share_content
cn.Arthur.Game.DangerousGame.R$color: int umeng_socialize_text_time
cn.Arthur.Game.DangerousGame.R$color: int umeng_socialize_text_title
cn.Arthur.Game.DangerousGame.R$color: int umeng_socialize_text_ucenter
cn.Arthur.Game.DangerousGame.R$color: int umeng_socialize_ucenter_bg
cn.Arthur.Game.DangerousGame.R$dimen: int activity_horizontal_margin
cn.Arthur.Game.DangerousGame.R$dimen: int activity_vertical_margin
cn.Arthur.Game.DangerousGame.R$dimen: int alphabet_size
cn.Arthur.Game.DangerousGame.R$dimen: int umeng_socialize_pad_window_height
cn.Arthur.Game.DangerousGame.R$dimen: int umeng_socialize_pad_window_width
cn.Arthur.Game.DangerousGame.R$drawable: int bg
cn.Arthur.Game.DangerousGame.R$drawable: int bg_fight
cn.Arthur.Game.DangerousGame.R$drawable: int bg_result
cn.Arthur.Game.DangerousGame.R$drawable: int bg_title
cn.Arthur.Game.DangerousGame.R$drawable: int btn_ranklist
cn.Arthur.Game.DangerousGame.R$drawable: int btn_ready
cn.Arthur.Game.DangerousGame.R$drawable: int btn_replay
cn.Arthur.Game.DangerousGame.R$drawable: int btn_share
cn.Arthur.Game.DangerousGame.R$drawable: int btn_sharescore
cn.Arthur.Game.DangerousGame.R$drawable: int help
cn.Arthur.Game.DangerousGame.R$drawable: int ic_launcher
cn.Arthur.Game.DangerousGame.R$drawable: int tip_waitforplay
cn.Arthur.Game.DangerousGame.R$drawable: int tip_waitforstill
cn.Arthur.Game.DangerousGame.R$drawable: int umeng_socialize_action_back
cn.Arthur.Game.DangerousGame.R$drawable: int umeng_socialize_action_back_normal
cn.Arthur.Game.DangerousGame.R$drawable: int umeng_socialize_action_back_selected
cn.Arthur.Game.DangerousGame.R$drawable: int umeng_socialize_at_button
cn.Arthur.Game.DangerousGame.R$drawable: int umeng_socialize_at_normal
cn.Arthur.Game.DangerousGame.R$drawable: int umeng_socialize_at_selected
cn.Arthur.Game.DangerousGame.R$drawable: int umeng_socialize_bind_bg
cn.Arthur.Game.DangerousGame.R$drawable: int umeng_socialize_button_blue
cn.Arthur.Game.DangerousGame.R$drawable: int umeng_socialize_button_grey
cn.Arthur.Game.DangerousGame.R$drawable: int umeng_socialize_button_grey_blue
...
com.tencent.mm.sdk.modelmsg.SendMessageToWX$Req
com.tencent.mm.sdk.modelmsg.SendMessageToWX$Req: int WXSceneSession
com.tencent.mm.sdk.modelmsg.SendMessageToWX$Req: int WXSceneTimeline
com.tencent.mm.sdk.modelmsg.SendMessageToWX$Req: int WXSceneFavorite
com.tencent.mm.sdk.modelmsg.SendMessageToWX$Req: java.lang.String TAG
com.tencent.mm.sdk.modelmsg.SendMessageToWX$Req: int FAV_CONTENT_LENGTH_LIMIT
com.tencent.mm.sdk.modelmsg.SendMessageToWX$Req: com.tencent.mm.sdk.modelmsg.WXMediaMessage message
com.tencent.mm.sdk.modelmsg.SendMessageToWX$Req: int scene
com.tencent.mm.sdk.modelmsg.SendMessageToWX$Req: SendMessageToWX$Req()
com.tencent.mm.sdk.modelmsg.SendMessageToWX$Req: SendMessageToWX$Req(android.os.Bundle)
com.tencent.mm.sdk.modelmsg.SendMessageToWX$Req: int getType()
com.tencent.mm.sdk.modelmsg.SendMessageToWX$Req: void fromBundle(android.os.Bundle)
com.tencent.mm.sdk.modelmsg.SendMessageToWX$Req: void toBundle(android.os.Bundle)
com.tencent.mm.sdk.modelmsg.SendMessageToWX$Req: boolean checkArgs()
com.tencent.mm.sdk.modelmsg.SendMessageToWX$Resp
com.tencent.mm.sdk.modelmsg.SendMessageToWX$Resp: SendMessageToWX$Resp()
com.tencent.mm.sdk.modelmsg.SendMessageToWX$Resp: SendMessageToWX$Resp(android.os.Bundle)
com.tencent.mm.sdk.modelmsg.SendMessageToWX$Resp: int getType()
com.tencent.mm.sdk.modelmsg.SendMessageToWX$Resp: void fromBundle(android.os.Bundle)
com.tencent.mm.sdk.modelmsg.SendMessageToWX$Resp: void toBundle(android.os.Bundle)
com.tencent.mm.sdk.modelmsg.SendMessageToWX$Resp: boolean checkArgs()
com.tencent.mm.sdk.modelmsg.ShowMessageFromWX
com.tencent.mm.sdk.modelmsg.ShowMessageFromWX: ShowMessageFromWX()
com.tencent.mm.sdk.modelmsg.ShowMessageFromWX$Req
com.tencent.mm.sdk.modelmsg.ShowMessageFromWX$Req: com.tencent.mm.sdk.modelmsg.WXMediaMessage message
com.tencent.mm.sdk.modelmsg.ShowMessageFromWX$Req: ShowMessageFromWX$Req()
com.tencent.mm.sdk.modelmsg.ShowMessageFromWX$Req: ShowMessageFromWX$Req(android.os.Bundle)
com.tencent.mm.sdk.modelmsg.ShowMessageFromWX$Req: int getType()
com.tencent.mm.sdk.modelmsg.ShowMessageFromWX$Req: void toBundle(android.os.Bundle)
com.tencent.mm.sdk.modelmsg.ShowMessageFromWX$Req: void fromBundle(android.os.Bundle)
com.tencent.mm.sdk.modelmsg.ShowMessageFromWX$Req: boolean checkArgs()
com.tencent.mm.sdk.modelmsg.ShowMessageFromWX$Resp
com.tencent.mm.sdk.modelmsg.ShowMessageFromWX$Resp: ShowMessageFromWX$Resp()
com.tencent.mm.sdk.modelmsg.ShowMessageFromWX$Resp: ShowMessageFromWX$Resp(android.os.Bundle)
com.tencent.mm.sdk.modelmsg.ShowMessageFromWX$Resp: int getType()
com.tencent.mm.sdk.modelmsg.ShowMessageFromWX$Resp: boolean checkArgs()
com.tencent.mm.sdk.modelmsg.WXAppExtendObject
com.tencent.mm.sdk.modelmsg.WXAppExtendObject: java.lang.String TAG
com.tencent.mm.sdk.modelmsg.WXAppExtendObject: int EXTINFO_LENGTH_LIMIT
com.tencent.mm.sdk.modelmsg.WXAppExtendObject: int PATH_LENGTH_LIMIT
com.tencent.mm.sdk.modelmsg.WXAppExtendObject: int CONTENT_LENGTH_LIMIT
com.tencent.mm.sdk.modelmsg.WXAppExtendObject: java.lang.String extInfo
com.tencent.mm.sdk.modelmsg.WXAppExtendObject: java.lang.String filePath
com.tencent.mm.sdk.modelmsg.WXAppExtendObject: byte[] fileData
com.tencent.mm.sdk.modelmsg.WXAppExtendObject: WXAppExtendObject()
com.tencent.mm.sdk.modelmsg.WXAppExtendObject: WXAppExtendObject(java.lang.String,byte[])
com.tencent.mm.sdk.modelmsg.WXAppExtendObject: WXAppExtendObject(java.lang.String,java.lang.String)
com.tencent.mm.sdk.modelmsg.WXAppExtendObject: void serialize(android.os.Bundle)
com.tencent.mm.sdk.modelmsg.WXAppExtendObject: void unserialize(android.os.Bundle)
com.tencent.mm.sdk.modelmsg.WXAppExtendObject: int type()
com.tencent.mm.sdk.modelmsg.WXAppExtendObject: boolean checkArgs()
com.tencent.mm.sdk.modelmsg.WXAppExtendObject: int getFileSize(java.lang.String)