proguard/mapping.txt
cn.Arthur.Game.DangerousGame.BuildConfig -> cn.Arthur.Game.DangerousGame.a:
    boolean DEBUG -> a
cn.Arthur.Game.DangerousGame.GameView -> cn.Arthur.Game.DangerousGame.b:
    cn.Arthur.Game.DangerousGame.MainActivity mActivity -> a
    int screenH -> B
    int screenW -> C
    android.graphics.Typeface mFace -> D
    int btnW -> b
    int btnH -> c
    int btnCW -> d
    int btnCH -> e
    int tipW -> f
    int tipH -> g
    int bgW -> h
    int bgH -> i
    int bgNUH -> j
    int bgUW -> k
    int bgUH -> l
    android.graphics.Bitmap btnReady -> m
    android.graphics.Bitmap btnReplay -> n
    android.graphics.Bitmap btnRanklist -> o
    android.graphics.Bitmap btnShare -> p
    android.graphics.Bitmap btnScore -> q
    android.graphics.Bitmap tipWaitforstill -> r
    android.graphics.Bitmap tipWaitforplay -> s
    android.graphics.Bitmap bgFight -> t
    android.graphics.Bitmap bgResult -> u
    android.graphics.Bitmap bgTitle -> v
    int[] Dx -> w
    int[] Dy -> x
    int Df -> y
    int Dt -> z
    long oldTime -> A
    50:77:void initView() -> b
    84:90:void ActiveView() -> a
    97:143:void refreshUI(android.graphics.Canvas) -> a
    149:152:void drawBackGround(android.graphics.Canvas) -> b
    159:162:void onDraw(android.graphics.Canvas) -> onDraw
    172:173:void drawBitmap(android.graphics.Bitmap,int,int,int,int,android.graphics.Canvas,android.graphics.Paint) -> a
    180:196:void drawText(java.lang.String,android.graphics.Canvas,int,int,int,int,int) -> a
    202:202:android.graphics.Bitmap getRes(int) -> a
cn.Arthur.Game.DangerousGame.MainActivity -> cn.Arthur.Game.DangerousGame.MainActivity:
    android.hardware.SensorManager manager -> j
    android.hardware.Sensor aSensor -> k
    android.hardware.Sensor oSensor -> l
    android.hardware.Sensor lSensor -> m
    android.os.Vibrator vibrator -> n
    android.widget.TextView SensorInfo -> o
    android.widget.TextView GameInfo -> p
    android.widget.Button ReadyButton -> q
    cn.Arthur.Game.DangerousGame.GameView view -> r
    double OX -> s
    double OY -> t
    double OZ -> u
    float XR -> v
    float YR -> w
    float ZR -> x
    int Score -> y
    java.lang.String RankInfo -> z
    double LT -> A
    double MLT -> B
    double LX -> C
    double LY -> D
    double LZ -> E
    java.lang.Thread GameThread -> F
    double AX -> G
    double AY -> H
    double AZ -> I
    double AS -> J
    boolean isVibrate -> K
    boolean isSound -> L
    int[] DegreeX -> M
    int[] DegreeY -> N
    int[] DegreeZ -> O
    int[] XT -> P
    int[] YT -> Q
    int[] ZT -> R
    int LockTimes -> S
    java.util.ArrayList XL -> T
    java.util.ArrayList YL -> U
    java.util.ArrayList ZL -> V
    int minDelta -> W
    int minDeltaX -> X
    int minDeltaY -> Y
    int minDeltaZ -> Z
    boolean isRefreshSensor -> a
    boolean[] X -> aa
    boolean[] Y -> ab
    boolean[] Z -> ac
    long oldTime -> ad
    double KX -> ae
    double KY -> af
    double KZ -> ag
    boolean isReady -> ah
    boolean isStart -> ai
    boolean isGoing -> aj
cn.Arthur.Game.DangerousGame.MainActivity$1 -> cn.Arthur.Game.DangerousGame.c:
    cn.Arthur.Game.DangerousGame.MainActivity this$0 -> a
    368:371:void run() -> run
cn.Arthur.Game.DangerousGame.MainActivity$10 -> cn.Arthur.Game.DangerousGame.d:
    cn.Arthur.Game.DangerousGame.MainActivity this$0 -> a
    879:881:void onCheckedChanged(android.widget.CompoundButton,boolean) -> onCheckedChanged
cn.Arthur.Game.DangerousGame.MainActivity$11 -> cn.Arthur.Game.DangerousGame.e:
    cn.Arthur.Game.DangerousGame.MainActivity this$0 -> a
    887:889:void onCheckedChanged(android.widget.CompoundButton,boolean) -> onCheckedChanged
cn.Arthur.Game.DangerousGame.MainActivity$12 -> cn.Arthur.Game.DangerousGame.f:
    cn.Arthur.Game.DangerousGame.MainActivity this$0 -> a
    899:899:void onClick(android.content.DialogInterface,int) -> onClick
...
net.youmi.android.i.a.a -> net.youmi.android.i.a.a:
    android.graphics.Bitmap a(java.lang.String) -> a
net.youmi.android.i.a.b -> net.youmi.android.i.a.b:
    java.lang.String a() -> a
    java.lang.String b() -> b
    java.lang.String c() -> c
    java.lang.String d() -> d
    java.lang.String e() -> e
    java.lang.String f() -> f
    java.lang.String g() -> g
net.youmi.android.i.b -> net.youmi.android.i.b:
    android.content.Context a -> a
    net.youmi.android.i.c b -> b
    android.view.View c -> c
    android.view.View d -> d
    android.view.View e -> e
    android.view.View f -> f
    android.view.View g -> g
    void a() -> a
    void a(android.widget.TableRow,int,android.view.View,android.widget.RelativeLayout$LayoutParams) -> a
    void setBackEnable(boolean) -> setBackEnable
    void setForwardEnable(boolean) -> setForwardEnable
    void onClick(android.view.View) -> onClick
net.youmi.android.i.c -> net.youmi.android.i.c:
    void b() -> b
    void c() -> c
    void d() -> d
    void e() -> e
    void f() -> f
net.youmi.android.i.d -> net.youmi.android.i.d:
    void a(android.graphics.drawable.Drawable,android.graphics.drawable.Drawable) -> a
    int[] a() -> a
    int[] b() -> b
    int[] c() -> c
    int[] d() -> d
    int[] e() -> e
    int[] f() -> f
net.youmi.android.i.e -> net.youmi.android.i.e:
    net.youmi.android.i.d a -> a
net.youmi.android.i.f -> net.youmi.android.i.f:
    net.youmi.android.i.d a -> a
net.youmi.android.offers.EarnPointsOrderInfo -> net.youmi.android.offers.EarnPointsOrderInfo:
    java.lang.String a -> a
    int b -> b
    java.lang.String c -> c
    int d -> d
    java.lang.String e -> e
    java.lang.String f -> f
    int g -> g
    long h -> h
    int i -> i
    java.lang.String getOrderID() -> getOrderID
    void a(java.lang.String) -> a
    int getChannelId() -> getChannelId
    void a(int) -> a
    java.lang.String getCustomUserID() -> getCustomUserID
    void b(java.lang.String) -> b
    int getStatus() -> getStatus
    void b(int) -> b
    java.lang.String getMessage() -> getMessage
    void c(java.lang.String) -> c
    void d(java.lang.String) -> d
    int getPoints() -> getPoints
    void c(int) -> c
    long getSettlingTime() -> getSettlingTime
    void a(long) -> a
    int a() -> a
    void d(int) -> d
net.youmi.android.offers.EarnPointsOrderList -> net.youmi.android.offers.EarnPointsOrderList:
    java.lang.String a -> a
    java.util.ArrayList b -> b
    java.lang.String getCurrencyName() -> getCurrencyName
    void a(java.lang.String) -> a
    boolean a(net.youmi.android.offers.EarnPointsOrderInfo) -> a
    void a() -> a
    net.youmi.android.offers.EarnPointsOrderInfo get(int) -> get
    boolean isEmpty() -> isEmpty
    int size() -> size
net.youmi.android.offers.OffersAdSize -> net.youmi.android.offers.OffersAdSize:
    int HEIGHT_BANNER -> HEIGHT_BANNER
    int HEIGHT_MINI_BANNER -> HEIGHT_MINI_BANNER
    int MATCH_SCREEN -> MATCH_SCREEN
    net.youmi.android.offers.OffersAdSize SIZE_320x60 -> SIZE_320x60
    net.youmi.android.offers.OffersAdSize SIZE_MATCH_SCREENx60 -> SIZE_MATCH_SCREENx60
    net.youmi.android.offers.OffersAdSize SIZE_320x32 -> SIZE_320x32
    net.youmi.android.offers.OffersAdSize SIZE_MATCH_SCREENx32 -> SIZE_MATCH_SCREENx32
    int a -> a
    int b -> b
    int getHeight() -> getHeight
    int getWidth() -> getWidth
net.youmi.android.offers.OffersBanner -> net.youmi.android.offers.OffersBanner:
    java.lang.String a(net.youmi.android.offers.OffersAdSize) -> a